# JRE version: Java(TM) SE Runtime Environment (8.0_102-b14) (build 1.8.0_102-b14)
# Java VM: Java HotSpot(TM) 64-Bit Server VM (25.102-b14 mixed mode windows-amd64 compressed oops)
Heap:
 PSYoungGen      total 285184K, used 29235K [0x00000000d5c00000, 0x00000000e8b00000, 0x0000000100000000)
  eden space 265216K, 11% used [0x00000000d5c00000,0x00000000d788cdb8,0x00000000e5f00000)
  from space 19968K, 0% used [0x00000000e7700000,0x00000000e7700000,0x00000000e8a80000)
  to   space 22528K, 0% used [0x00000000e5f00000,0x00000000e5f00000,0x00000000e7500000)
 ParOldGen       total 153088K, used 30626K [0x0000000081400000, 0x000000008a980000, 0x00000000d5c00000)
  object space 153088K, 20% used [0x0000000081400000,0x00000000831e8b58,0x000000008a980000)
 Metaspace       used 58366K, capacity 60260K, committed 60544K, reserved 1101824K
  class space    used 7615K, capacity 7998K, committed 8064K, reserved 1048576K
GC Heap History (10 events):
Event: 3.863 GC heap before
{Heap before GC invocations=7 (full 1):
 PSYoungGen      total 138240K, used 106590K [0x00000000d5c00000, 0x00000000e3f80000, 0x0000000100000000)
  eden space 133120K, 76% used [0x00000000d5c00000,0x00000000dbf1e0d0,0x00000000dde00000)
  from space 5120K, 99% used [0x00000000dde00000,0x00000000de2f9998,0x00000000de300000)
  to   space 11776K, 0% used [0x00000000e3400000,0x00000000e3400000,0x00000000e3f80000)
 ParOldGen       total 60928K, used 13005K [0x0000000081400000, 0x0000000084f80000, 0x00000000d5c00000)
  object space 60928K, 21% used [0x0000000081400000,0x00000000820b3660,0x0000000084f80000)
 Metaspace       used 34272K, capacity 35336K, committed 35416K, reserved 1081344K
  class space    used 4373K, capacity 4599K, committed 4608K, reserved 1048576K
Event: 3.876 GC heap after
Heap after GC invocations=7 (full 1):
 PSYoungGen      total 217600K, used 11751K [0x00000000d5c00000, 0x00000000e4680000, 0x0000000100000000)
  eden space 205824K, 0% used [0x00000000d5c00000,0x00000000d5c00000,0x00000000e2500000)
  from space 11776K, 99% used [0x00000000e3400000,0x00000000e3f79ef8,0x00000000e3f80000)
  to   space 15360K, 0% used [0x00000000e2500000,0x00000000e2500000,0x00000000e3400000)
 ParOldGen       total 60928K, used 15574K [0x0000000081400000, 0x0000000084f80000, 0x00000000d5c00000)
  object space 60928K, 25% used [0x0000000081400000,0x0000000082335ba8,0x0000000084f80000)
 Metaspace       used 34272K, capacity 35336K, committed 35416K, reserved 1081344K
  class space    used 4373K, capacity 4599K, committed 4608K, reserved 1048576K
}
Event: 3.876 GC heap before
{Heap before GC invocations=8 (full 2):
 PSYoungGen      total 217600K, used 11751K [0x00000000d5c00000, 0x00000000e4680000, 0x0000000100000000)
  eden space 205824K, 0% used [0x00000000d5c00000,0x00000000d5c00000,0x00000000e2500000)
  from space 11776K, 99% used [0x00000000e3400000,0x00000000e3f79ef8,0x00000000e3f80000)
  to   space 15360K, 0% used [0x00000000e2500000,0x00000000e2500000,0x00000000e3400000)
 ParOldGen       total 60928K, used 15574K [0x0000000081400000, 0x0000000084f80000, 0x00000000d5c00000)
  object space 60928K, 25% used [0x0000000081400000,0x0000000082335ba8,0x0000000084f80000)
 Metaspace       used 34272K, capacity 35336K, committed 35416K, reserved 1081344K
  class space    used 4373K, capacity 4599K, committed 4608K, reserved 1048576K
Event: 3.940 GC heap after
Heap after GC invocations=8 (full 2):
 PSYoungGen      total 217600K, used 0K [0x00000000d5c00000, 0x00000000e4680000, 0x0000000100000000)
  eden space 205824K, 0% used [0x00000000d5c00000,0x00000000d5c00000,0x00000000e2500000)
  from space 11776K, 0% used [0x00000000e3400000,0x00000000e3400000,0x00000000e3f80000)
  to   space 15360K, 0% used [0x00000000e2500000,0x00000000e2500000,0x00000000e3400000)
 ParOldGen       total 104960K, used 18336K [0x0000000081400000, 0x0000000087a80000, 0x00000000d5c00000)
  object space 104960K, 17% used [0x0000000081400000,0x00000000825e81d0,0x0000000087a80000)
 Metaspace       used 34272K, capacity 35336K, committed 35416K, reserved 1081344K
  class space    used 4373K, capacity 4599K, committed 4608K, reserved 1048576K
}
Event: 5.763 GC heap before
{Heap before GC invocations=9 (full 2):
 PSYoungGen      total 217600K, used 205824K [0x00000000d5c00000, 0x00000000e4680000, 0x0000000100000000)
  eden space 205824K, 100% used [0x00000000d5c00000,0x00000000e2500000,0x00000000e2500000)
  from space 11776K, 0% used [0x00000000e3400000,0x00000000e3400000,0x00000000e3f80000)
  to   space 15360K, 0% used [0x00000000e2500000,0x00000000e2500000,0x00000000e3400000)
 ParOldGen       total 104960K, used 18336K [0x0000000081400000, 0x0000000087a80000, 0x00000000d5c00000)
  object space 104960K, 17% used [0x0000000081400000,0x00000000825e81d0,0x0000000087a80000)
 Metaspace       used 48975K, capacity 50532K, committed 50816K, reserved 1093632K
  class space    used 6314K, capacity 6708K, committed 6784K, reserved 1048576K
Event: 5.777 GC heap after
Heap after GC invocations=9 (full 2):
 PSYoungGen      total 221184K, used 15334K [0x00000000d5c00000, 0x00000000e8a80000, 0x0000000100000000)
  eden space 205824K, 0% used [0x00000000d5c00000,0x00000000d5c00000,0x00000000e2500000)
  from space 15360K, 99% used [0x00000000e2500000,0x00000000e33f99a8,0x00000000e3400000)
  to   space 19968K, 0% used [0x00000000e7700000,0x00000000e7700000,0x00000000e8a80000)
 ParOldGen       total 104960K, used 22203K [0x0000000081400000, 0x0000000087a80000, 0x00000000d5c00000)
  object space 104960K, 21% used [0x0000000081400000,0x00000000829aeec8,0x0000000087a80000)
 Metaspace       used 48975K, capacity 50532K, committed 50816K, reserved 1093632K
  class space    used 6314K, capacity 6708K, committed 6784K, reserved 1048576K
}
Event: 7.094 GC heap before
{Heap before GC invocations=10 (full 2):
 PSYoungGen      total 221184K, used 130945K [0x00000000d5c00000, 0x00000000e8a80000, 0x0000000100000000)
  eden space 205824K, 56% used [0x00000000d5c00000,0x00000000dcce6d60,0x00000000e2500000)
  from space 15360K, 99% used [0x00000000e2500000,0x00000000e33f99a8,0x00000000e3400000)
  to   space 19968K, 0% used [0x00000000e7700000,0x00000000e7700000,0x00000000e8a80000)
 ParOldGen       total 104960K, used 22203K [0x0000000081400000, 0x0000000087a80000, 0x00000000d5c00000)
  object space 104960K, 21% used [0x0000000081400000,0x00000000829aeec8,0x0000000087a80000)
 Metaspace       used 57068K, capacity 58904K, committed 59028K, reserved 1099776K
  class space    used 7449K, capacity 7862K, committed 7936K, reserved 1048576K
Event: 7.106 GC heap after
Heap after GC invocations=10 (full 2):
 PSYoungGen      total 285184K, used 17954K [0x00000000d5c00000, 0x00000000e8b00000, 0x0000000100000000)
  eden space 265216K, 0% used [0x00000000d5c00000,0x00000000d5c00000,0x00000000e5f00000)
  from space 19968K, 89% used [0x00000000e7700000,0x00000000e8888a70,0x00000000e8a80000)
  to   space 22528K, 0% used [0x00000000e5f00000,0x00000000e5f00000,0x00000000e7500000)
 ParOldGen       total 104960K, used 22211K [0x0000000081400000, 0x0000000087a80000, 0x00000000d5c00000)
  object space 104960K, 21% used [0x0000000081400000,0x00000000829b0ec8,0x0000000087a80000)
 Metaspace       used 57068K, capacity 58904K, committed 59028K, reserved 1099776K
  class space    used 7449K, capacity 7862K, committed 7936K, reserved 1048576K
}
Event: 7.106 GC heap before
{Heap before GC invocations=11 (full 3):
 PSYoungGen      total 285184K, used 17954K [0x00000000d5c00000, 0x00000000e8b00000, 0x0000000100000000)
  eden space 265216K, 0% used [0x00000000d5c00000,0x00000000d5c00000,0x00000000e5f00000)
  from space 19968K, 89% used [0x00000000e7700000,0x00000000e8888a70,0x00000000e8a80000)
  to   space 22528K, 0% used [0x00000000e5f00000,0x00000000e5f00000,0x00000000e7500000)
 ParOldGen       total 104960K, used 22211K [0x0000000081400000, 0x0000000087a80000, 0x00000000d5c00000)
  object space 104960K, 21% used [0x0000000081400000,0x00000000829b0ec8,0x0000000087a80000)
 Metaspace       used 57068K, capacity 58904K, committed 59028K, reserved 1099776K
  class space    used 7449K, capacity 7862K, committed 7936K, reserved 1048576K
Event: 7.223 GC heap after
Heap after GC invocations=11 (full 3):
 PSYoungGen      total 285184K, used 0K [0x00000000d5c00000, 0x00000000e8b00000, 0x0000000100000000)
  eden space 265216K, 0% used [0x00000000d5c00000,0x00000000d5c00000,0x00000000e5f00000)
  from space 19968K, 0% used [0x00000000e7700000,0x00000000e7700000,0x00000000e8a80000)
  to   space 22528K, 0% used [0x00000000e5f00000,0x00000000e5f00000,0x00000000e7500000)
 ParOldGen       total 153088K, used 30626K [0x0000000081400000, 0x000000008a980000, 0x00000000d5c00000)
  object space 153088K, 20% used [0x0000000081400000,0x00000000831e8b58,0x000000008a980000)
 Metaspace       used 57013K, capacity 58692K, committed 59028K, reserved 1099776K
  class space    used 7441K, capacity 7794K, committed 7936K, reserved 1048576K
}

