# JRE version: Java(TM) SE Runtime Environment (8.0_102-b14) (build 1.8.0_102-b14)
# Java VM: Java HotSpot(TM) 64-Bit Server VM (25.102-b14 mixed mode windows-amd64 compressed oops)
Heap:
 PSYoungGen      total 139776K, used 24845K [0x00000000d5c00000, 0x00000000e1900000, 0x0000000100000000)
  eden space 131072K, 12% used [0x00000000d5c00000,0x00000000d6bc7508,0x00000000ddc00000)
  from space 8704K, 99% used [0x00000000ddc00000,0x00000000de47bfb0,0x00000000de480000)
  to   space 10240K, 0% used [0x00000000e0f00000,0x00000000e0f00000,0x00000000e1900000)
 ParOldGen       total 56320K, used 9097K [0x0000000081400000, 0x0000000084b00000, 0x00000000d5c00000)
  object space 56320K, 16% used [0x0000000081400000,0x0000000081ce2418,0x0000000084b00000)
 Metaspace       used 32335K, capacity 33400K, committed 33664K, reserved 1079296K
  class space    used 4176K, capacity 4393K, committed 4480K, reserved 1048576K
GC Heap History (10 events):
Event: 1.447 GC heap before
{Heap before GC invocations=4 (full 0):
 PSYoungGen      total 38400K, used 38387K [0x00000000d5c00000, 0x00000000da700000, 0x0000000100000000)
  eden space 33280K, 100% used [0x00000000d5c00000,0x00000000d7c80000,0x00000000d7c80000)
  from space 5120K, 99% used [0x00000000d7c80000,0x00000000d817cc88,0x00000000d8180000)
  to   space 5120K, 0% used [0x00000000da200000,0x00000000da200000,0x00000000da700000)
 ParOldGen       total 87552K, used 270K [0x0000000081400000, 0x0000000086980000, 0x00000000d5c00000)
  object space 87552K, 0% used [0x0000000081400000,0x0000000081443890,0x0000000086980000)
 Metaspace       used 16817K, capacity 17418K, committed 17536K, reserved 1064960K
  class space    used 2218K, capacity 2374K, committed 2432K, reserved 1048576K
Event: 1.452 GC heap after
Heap after GC invocations=4 (full 0):
 PSYoungGen      total 71680K, used 5102K [0x00000000d5c00000, 0x00000000da700000, 0x0000000100000000)
  eden space 66560K, 0% used [0x00000000d5c00000,0x00000000d5c00000,0x00000000d9d00000)
  from space 5120K, 99% used [0x00000000da200000,0x00000000da6fb818,0x00000000da700000)
  to   space 5120K, 0% used [0x00000000d9d00000,0x00000000d9d00000,0x00000000da200000)
 ParOldGen       total 87552K, used 1161K [0x0000000081400000, 0x0000000086980000, 0x00000000d5c00000)
  object space 87552K, 1% used [0x0000000081400000,0x00000000815224d0,0x0000000086980000)
 Metaspace       used 16817K, capacity 17418K, committed 17536K, reserved 1064960K
  class space    used 2218K, capacity 2374K, committed 2432K, reserved 1048576K
}
Event: 1.603 GC heap before
{Heap before GC invocations=5 (full 0):
 PSYoungGen      total 71680K, used 41164K [0x00000000d5c00000, 0x00000000da700000, 0x0000000100000000)
  eden space 66560K, 54% used [0x00000000d5c00000,0x00000000d7f378e0,0x00000000d9d00000)
  from space 5120K, 99% used [0x00000000da200000,0x00000000da6fb818,0x00000000da700000)
  to   space 5120K, 0% used [0x00000000d9d00000,0x00000000d9d00000,0x00000000da200000)
 ParOldGen       total 87552K, used 1161K [0x0000000081400000, 0x0000000086980000, 0x00000000d5c00000)
  object space 87552K, 1% used [0x0000000081400000,0x00000000815224d0,0x0000000086980000)
 Metaspace       used 20527K, capacity 21138K, committed 21248K, reserved 1067008K
  class space    used 2642K, capacity 2794K, committed 2816K, reserved 1048576K
Event: 1.610 GC heap after
Heap after GC invocations=5 (full 0):
 PSYoungGen      total 71680K, used 5091K [0x00000000d5c00000, 0x00000000def00000, 0x0000000100000000)
  eden space 66560K, 0% used [0x00000000d5c00000,0x00000000d5c00000,0x00000000d9d00000)
  from space 5120K, 99% used [0x00000000d9d00000,0x00000000da1f8ed8,0x00000000da200000)
  to   space 8704K, 0% used [0x00000000de680000,0x00000000de680000,0x00000000def00000)
 ParOldGen       total 87552K, used 4042K [0x0000000081400000, 0x0000000086980000, 0x00000000d5c00000)
  object space 87552K, 4% used [0x0000000081400000,0x00000000817f2a30,0x0000000086980000)
 Metaspace       used 20527K, capacity 21138K, committed 21248K, reserved 1067008K
  class space    used 2642K, capacity 2794K, committed 2816K, reserved 1048576K
}
Event: 1.610 GC heap before
{Heap before GC invocations=6 (full 1):
 PSYoungGen      total 71680K, used 5091K [0x00000000d5c00000, 0x00000000def00000, 0x0000000100000000)
  eden space 66560K, 0% used [0x00000000d5c00000,0x00000000d5c00000,0x00000000d9d00000)
  from space 5120K, 99% used [0x00000000d9d00000,0x00000000da1f8ed8,0x00000000da200000)
  to   space 8704K, 0% used [0x00000000de680000,0x00000000de680000,0x00000000def00000)
 ParOldGen       total 87552K, used 4042K [0x0000000081400000, 0x0000000086980000, 0x00000000d5c00000)
  object space 87552K, 4% used [0x0000000081400000,0x00000000817f2a30,0x0000000086980000)
 Metaspace       used 20527K, capacity 21138K, committed 21248K, reserved 1067008K
  class space    used 2642K, capacity 2794K, committed 2816K, reserved 1048576K
Event: 1.634 GC heap after
Heap after GC invocations=6 (full 1):
 PSYoungGen      total 71680K, used 0K [0x00000000d5c00000, 0x00000000def00000, 0x0000000100000000)
  eden space 66560K, 0% used [0x00000000d5c00000,0x00000000d5c00000,0x00000000d9d00000)
  from space 5120K, 0% used [0x00000000d9d00000,0x00000000d9d00000,0x00000000da200000)
  to   space 8704K, 0% used [0x00000000de680000,0x00000000de680000,0x00000000def00000)
 ParOldGen       total 56320K, used 7792K [0x0000000081400000, 0x0000000084b00000, 0x00000000d5c00000)
  object space 56320K, 13% used [0x0000000081400000,0x0000000081b9c228,0x0000000084b00000)
 Metaspace       used 20527K, capacity 21138K, committed 21248K, reserved 1067008K
  class space    used 2642K, capacity 2794K, committed 2816K, reserved 1048576K
}
Event: 1.908 GC heap before
{Heap before GC invocations=7 (full 1):
 PSYoungGen      total 71680K, used 66560K [0x00000000d5c00000, 0x00000000def00000, 0x0000000100000000)
  eden space 66560K, 100% used [0x00000000d5c00000,0x00000000d9d00000,0x00000000d9d00000)
  from space 5120K, 0% used [0x00000000d9d00000,0x00000000d9d00000,0x00000000da200000)
  to   space 8704K, 0% used [0x00000000de680000,0x00000000de680000,0x00000000def00000)
 ParOldGen       total 56320K, used 7792K [0x0000000081400000, 0x0000000084b00000, 0x00000000d5c00000)
  object space 56320K, 13% used [0x0000000081400000,0x0000000081b9c228,0x0000000084b00000)
 Metaspace       used 24873K, capacity 25680K, committed 25984K, reserved 1071104K
  class space    used 3172K, capacity 3363K, committed 3456K, reserved 1048576K
Event: 1.913 GC heap after
Heap after GC invocations=7 (full 1):
 PSYoungGen      total 114176K, used 6561K [0x00000000d5c00000, 0x00000000ded00000, 0x0000000100000000)
  eden space 107520K, 0% used [0x00000000d5c00000,0x00000000d5c00000,0x00000000dc500000)
  from space 6656K, 98% used [0x00000000de680000,0x00000000dece8620,0x00000000ded00000)
  to   space 8704K, 0% used [0x00000000ddc00000,0x00000000ddc00000,0x00000000de480000)
 ParOldGen       total 56320K, used 7800K [0x0000000081400000, 0x0000000084b00000, 0x00000000d5c00000)
  object space 56320K, 13% used [0x0000000081400000,0x0000000081b9e228,0x0000000084b00000)
 Metaspace       used 24873K, capacity 25680K, committed 25984K, reserved 1071104K
  class space    used 3172K, capacity 3363K, committed 3456K, reserved 1048576K
}
Event: 2.329 GC heap before
{Heap before GC invocations=8 (full 1):
 PSYoungGen      total 114176K, used 114081K [0x00000000d5c00000, 0x00000000ded00000, 0x0000000100000000)
  eden space 107520K, 100% used [0x00000000d5c00000,0x00000000dc500000,0x00000000dc500000)
  from space 6656K, 98% used [0x00000000de680000,0x00000000dece8620,0x00000000ded00000)
  to   space 8704K, 0% used [0x00000000ddc00000,0x00000000ddc00000,0x00000000de480000)
 ParOldGen       total 56320K, used 7800K [0x0000000081400000, 0x0000000084b00000, 0x00000000d5c00000)
  object space 56320K, 13% used [0x0000000081400000,0x0000000081b9e228,0x0000000084b00000)
 Metaspace       used 30822K, capacity 31858K, committed 32128K, reserved 1077248K
  class space    used 3967K, capacity 4200K, committed 4224K, reserved 1048576K
Event: 2.338 GC heap after
Heap after GC invocations=8 (full 1):
 PSYoungGen      total 139776K, used 8687K [0x00000000d5c00000, 0x00000000e1900000, 0x0000000100000000)
  eden space 131072K, 0% used [0x00000000d5c00000,0x00000000d5c00000,0x00000000ddc00000)
  from space 8704K, 99% used [0x00000000ddc00000,0x00000000de47bfb0,0x00000000de480000)
  to   space 10240K, 0% used [0x00000000e0f00000,0x00000000e0f00000,0x00000000e1900000)
 ParOldGen       total 56320K, used 9097K [0x0000000081400000, 0x0000000084b00000, 0x00000000d5c00000)
  object space 56320K, 16% used [0x0000000081400000,0x0000000081ce2418,0x0000000084b00000)
 Metaspace       used 30822K, capacity 31858K, committed 32128K, reserved 1077248K
  class space    used 3967K, capacity 4200K, committed 4224K, reserved 1048576K
}

