# JRE version: Java(TM) SE Runtime Environment (8.0_102-b14) (build 1.8.0_102-b14)
# Java VM: Java HotSpot(TM) 64-Bit Server VM (25.102-b14 mixed mode windows-amd64 compressed oops)
Heap:
 PSYoungGen      total 212992K, used 13608K [0x00000000d5c00000, 0x00000000e5c80000, 0x0000000100000000)
  eden space 194048K, 1% used [0x00000000d5c00000,0x00000000d5f33798,0x00000000e1980000)
  from space 18944K, 54% used [0x00000000e1980000,0x00000000e2396ae0,0x00000000e2c00000)
  to   space 18432K, 0% used [0x00000000e4a80000,0x00000000e4a80000,0x00000000e5c80000)
 ParOldGen       total 150528K, used 33807K [0x0000000081400000, 0x000000008a700000, 0x00000000d5c00000)
  object space 150528K, 22% used [0x0000000081400000,0x0000000083503cd0,0x000000008a700000)
 Metaspace       used 61484K, capacity 63774K, committed 64128K, reserved 1105920K
  class space    used 8053K, capacity 8469K, committed 8576K, reserved 1048576K
GC Heap History (10 events):
Event: 3.899 GC heap before
{Heap before GC invocations=10 (full 2):
 PSYoungGen      total 175104K, used 10236K [0x00000000d5c00000, 0x00000000e3e80000, 0x0000000100000000)
  eden space 164864K, 0% used [0x00000000d5c00000,0x00000000d5c00000,0x00000000dfd00000)
  from space 10240K, 99% used [0x00000000e0880000,0x00000000e127f3f0,0x00000000e1280000)
  to   space 11776K, 0% used [0x00000000dfd00000,0x00000000dfd00000,0x00000000e0880000)
 ParOldGen       total 58880K, used 9231K [0x0000000081400000, 0x0000000084d80000, 0x00000000d5c00000)
  object space 58880K, 15% used [0x0000000081400000,0x0000000081d03cc0,0x0000000084d80000)
 Metaspace       used 34241K, capacity 35306K, committed 35416K, reserved 1081344K
  class space    used 4367K, capacity 4594K, committed 4608K, reserved 1048576K
Event: 3.960 GC heap after
Heap after GC invocations=10 (full 2):
 PSYoungGen      total 175104K, used 0K [0x00000000d5c00000, 0x00000000e3e80000, 0x0000000100000000)
  eden space 164864K, 0% used [0x00000000d5c00000,0x00000000d5c00000,0x00000000dfd00000)
  from space 10240K, 0% used [0x00000000e0880000,0x00000000e0880000,0x00000000e1280000)
  to   space 11776K, 0% used [0x00000000dfd00000,0x00000000dfd00000,0x00000000e0880000)
 ParOldGen       total 95232K, used 15217K [0x0000000081400000, 0x0000000087100000, 0x00000000d5c00000)
  object space 95232K, 15% used [0x0000000081400000,0x00000000822dc588,0x0000000087100000)
 Metaspace       used 34241K, capacity 35306K, committed 35416K, reserved 1081344K
  class space    used 4367K, capacity 4594K, committed 4608K, reserved 1048576K
}
Event: 5.232 GC heap before
{Heap before GC invocations=11 (full 2):
 PSYoungGen      total 175104K, used 164864K [0x00000000d5c00000, 0x00000000e3e80000, 0x0000000100000000)
  eden space 164864K, 100% used [0x00000000d5c00000,0x00000000dfd00000,0x00000000dfd00000)
  from space 10240K, 0% used [0x00000000e0880000,0x00000000e0880000,0x00000000e1280000)
  to   space 11776K, 0% used [0x00000000dfd00000,0x00000000dfd00000,0x00000000e0880000)
 ParOldGen       total 95232K, used 15217K [0x0000000081400000, 0x0000000087100000, 0x00000000d5c00000)
  object space 95232K, 15% used [0x0000000081400000,0x00000000822dc588,0x0000000087100000)
 Metaspace       used 43919K, capacity 45258K, committed 45440K, reserved 1089536K
  class space    used 5632K, capacity 5920K, committed 6016K, reserved 1048576K
Event: 5.243 GC heap after
Heap after GC invocations=11 (full 2):
 PSYoungGen      total 176640K, used 11763K [0x00000000d5c00000, 0x00000000e3a00000, 0x0000000100000000)
  eden space 164864K, 0% used [0x00000000d5c00000,0x00000000d5c00000,0x00000000dfd00000)
  from space 11776K, 99% used [0x00000000dfd00000,0x00000000e087cc18,0x00000000e0880000)
  to   space 14336K, 0% used [0x00000000e2c00000,0x00000000e2c00000,0x00000000e3a00000)
 ParOldGen       total 95232K, used 18245K [0x0000000081400000, 0x0000000087100000, 0x00000000d5c00000)
  object space 95232K, 19% used [0x0000000081400000,0x00000000825d1468,0x0000000087100000)
 Metaspace       used 43919K, capacity 45258K, committed 45440K, reserved 1089536K
  class space    used 5632K, capacity 5920K, committed 6016K, reserved 1048576K
}
Event: 7.148 GC heap before
{Heap before GC invocations=12 (full 2):
 PSYoungGen      total 176640K, used 167403K [0x00000000d5c00000, 0x00000000e3a00000, 0x0000000100000000)
  eden space 164864K, 94% used [0x00000000d5c00000,0x00000000df3fe2f0,0x00000000dfd00000)
  from space 11776K, 99% used [0x00000000dfd00000,0x00000000e087cc18,0x00000000e0880000)
  to   space 14336K, 0% used [0x00000000e2c00000,0x00000000e2c00000,0x00000000e3a00000)
 ParOldGen       total 95232K, used 18245K [0x0000000081400000, 0x0000000087100000, 0x00000000d5c00000)
  object space 95232K, 19% used [0x0000000081400000,0x00000000825d1468,0x0000000087100000)
 Metaspace       used 57058K, capacity 58872K, committed 59028K, reserved 1099776K
  class space    used 7438K, capacity 7830K, committed 7936K, reserved 1048576K
Event: 7.166 GC heap after
Heap after GC invocations=12 (full 2):
 PSYoungGen      total 208384K, used 14325K [0x00000000d5c00000, 0x00000000e4080000, 0x0000000100000000)
  eden space 194048K, 0% used [0x00000000d5c00000,0x00000000d5c00000,0x00000000e1980000)
  from space 14336K, 99% used [0x00000000e2c00000,0x00000000e39fd598,0x00000000e3a00000)
  to   space 18944K, 0% used [0x00000000e1980000,0x00000000e1980000,0x00000000e2c00000)
 ParOldGen       total 95232K, used 25298K [0x0000000081400000, 0x0000000087100000, 0x00000000d5c00000)
  object space 95232K, 26% used [0x0000000081400000,0x0000000082cb4af0,0x0000000087100000)
 Metaspace       used 57058K, capacity 58872K, committed 59028K, reserved 1099776K
  class space    used 7438K, capacity 7830K, committed 7936K, reserved 1048576K
}
Event: 7.166 GC heap before
{Heap before GC invocations=13 (full 3):
 PSYoungGen      total 208384K, used 14325K [0x00000000d5c00000, 0x00000000e4080000, 0x0000000100000000)
  eden space 194048K, 0% used [0x00000000d5c00000,0x00000000d5c00000,0x00000000e1980000)
  from space 14336K, 99% used [0x00000000e2c00000,0x00000000e39fd598,0x00000000e3a00000)
  to   space 18944K, 0% used [0x00000000e1980000,0x00000000e1980000,0x00000000e2c00000)
 ParOldGen       total 95232K, used 25298K [0x0000000081400000, 0x0000000087100000, 0x00000000d5c00000)
  object space 95232K, 26% used [0x0000000081400000,0x0000000082cb4af0,0x0000000087100000)
 Metaspace       used 57058K, capacity 58872K, committed 59028K, reserved 1099776K
  class space    used 7438K, capacity 7830K, committed 7936K, reserved 1048576K
Event: 7.311 GC heap after
Heap after GC invocations=13 (full 3):
 PSYoungGen      total 208384K, used 0K [0x00000000d5c00000, 0x00000000e4080000, 0x0000000100000000)
  eden space 194048K, 0% used [0x00000000d5c00000,0x00000000d5c00000,0x00000000e1980000)
  from space 14336K, 0% used [0x00000000e2c00000,0x00000000e2c00000,0x00000000e3a00000)
  to   space 18944K, 0% used [0x00000000e1980000,0x00000000e1980000,0x00000000e2c00000)
 ParOldGen       total 150528K, used 33799K [0x0000000081400000, 0x000000008a700000, 0x00000000d5c00000)
  object space 150528K, 22% used [0x0000000081400000,0x0000000083501cd0,0x000000008a700000)
 Metaspace       used 57004K, capacity 58660K, committed 59028K, reserved 1099776K
  class space    used 7430K, capacity 7762K, committed 7936K, reserved 1048576K
}
Event: 8.934 GC heap before
{Heap before GC invocations=14 (full 3):
 PSYoungGen      total 208384K, used 194048K [0x00000000d5c00000, 0x00000000e4080000, 0x0000000100000000)
  eden space 194048K, 100% used [0x00000000d5c00000,0x00000000e1980000,0x00000000e1980000)
  from space 14336K, 0% used [0x00000000e2c00000,0x00000000e2c00000,0x00000000e3a00000)
  to   space 18944K, 0% used [0x00000000e1980000,0x00000000e1980000,0x00000000e2c00000)
 ParOldGen       total 150528K, used 33799K [0x0000000081400000, 0x000000008a700000, 0x00000000d5c00000)
  object space 150528K, 22% used [0x0000000081400000,0x0000000083501cd0,0x000000008a700000)
 Metaspace       used 61468K, capacity 63764K, committed 63872K, reserved 1103872K
  class space    used 8051K, capacity 8468K, committed 8576K, reserved 1048576K
Event: 8.951 GC heap after
Heap after GC invocations=14 (full 3):
 PSYoungGen      total 212992K, used 10330K [0x00000000d5c00000, 0x00000000e5c80000, 0x0000000100000000)
  eden space 194048K, 0% used [0x00000000d5c00000,0x00000000d5c00000,0x00000000e1980000)
  from space 18944K, 54% used [0x00000000e1980000,0x00000000e2396ae0,0x00000000e2c00000)
  to   space 18432K, 0% used [0x00000000e4a80000,0x00000000e4a80000,0x00000000e5c80000)
 ParOldGen       total 150528K, used 33807K [0x0000000081400000, 0x000000008a700000, 0x00000000d5c00000)
  object space 150528K, 22% used [0x0000000081400000,0x0000000083503cd0,0x000000008a700000)
 Metaspace       used 61468K, capacity 63764K, committed 63872K, reserved 1103872K
  class space    used 8051K, capacity 8468K, committed 8576K, reserved 1048576K
}

